This is pdfTeX, Version 3.1415926-1.40.9 (MiKTeX 2.7) (preloaded format=pdflatex 2009.8.13)  6 NOV 2009 19:42
entering extended mode
**latex_P47925.tex
(latex_P47925.tex
LaTeX2e <2005/12/01>
Babel <v3.8l> and hyphenation patterns for english, dumylang, nohyphenation, ge
rman, ngerman, german-x-2008-06-18, ngerman-x-2008-06-18, french, loaded.
(IEEEtran.cls
Document Class: IEEEtran 2007/03/05 V1.7a by Michael Shell
-- See the "IEEEtran_HOWTO" manual for usage information.
-- http://www.michaelshell.org/tex/ieeetran/
\@IEEEtrantmpdimenA=\dimen102
\@IEEEtrantmpdimenB=\dimen103
\@IEEEtrantmpcountA=\count79
\@IEEEtrantmpcountB=\count80
\@IEEEtrantmptoksA=\toks14
-- Using IEEE Computer Society mode.
LaTeX Font Info:    Try loading font information for OT1+ptm on input line 366.

("C:\Program Files\MiKTeX 2.7\tex\latex\psnfss\ot1ptm.fd"
File: ot1ptm.fd 2001/06/04 font definitions for OT1/ptm.
)
-- Using 8.5in x 11in (letter) paper.
-- Using PDF output.
\@IEEEnormalsizeunitybaselineskip=\dimen104
-- This is a 10 point document.
\CLASSINFOnormalsizebaselineskip=\dimen105
\CLASSINFOnormalsizeunitybaselineskip=\dimen106
\IEEEnormaljot=\dimen107
LaTeX Font Info:    Font shape `OT1/ptm/bx/n' in size <5> not available
(Font)              Font shape `OT1/ptm/b/n' tried instead on input line 724.
LaTeX Font Info:    Font shape `OT1/ptm/bx/it' in size <5> not available
(Font)              Font shape `OT1/ptm/b/it' tried instead on input line 724.
LaTeX Font Info:    Font shape `OT1/ptm/bx/n' in size <7> not available
(Font)              Font shape `OT1/ptm/b/n' tried instead on input line 724.
LaTeX Font Info:    Font shape `OT1/ptm/bx/it' in size <7> not available
(Font)              Font shape `OT1/ptm/b/it' tried instead on input line 724.
LaTeX Font Info:    Font shape `OT1/ptm/bx/n' in size <8> not available
(Font)              Font shape `OT1/ptm/b/n' tried instead on input line 724.
LaTeX Font Info:    Font shape `OT1/ptm/bx/it' in size <8> not available
(Font)              Font shape `OT1/ptm/b/it' tried instead on input line 724.
LaTeX Font Info:    Font shape `OT1/ptm/bx/n' in size <9> not available
(Font)              Font shape `OT1/ptm/b/n' tried instead on input line 724.
LaTeX Font Info:    Font shape `OT1/ptm/bx/it' in size <9> not available
(Font)              Font shape `OT1/ptm/b/it' tried instead on input line 724.
LaTeX Font Info:    Font shape `OT1/ptm/bx/n' in size <10> not available
(Font)              Font shape `OT1/ptm/b/n' tried instead on input line 724.
LaTeX Font Info:    Font shape `OT1/ptm/bx/it' in size <10> not available
(Font)              Font shape `OT1/ptm/b/it' tried instead on input line 724.
LaTeX Font Info:    Font shape `OT1/ptm/bx/n' in size <11> not available
(Font)              Font shape `OT1/ptm/b/n' tried instead on input line 724.
LaTeX Font Info:    Font shape `OT1/ptm/bx/it' in size <11> not available
(Font)              Font shape `OT1/ptm/b/it' tried instead on input line 724.
LaTeX Font Info:    Font shape `OT1/ptm/bx/n' in size <12> not available
(Font)              Font shape `OT1/ptm/b/n' tried instead on input line 724.
LaTeX Font Info:    Font shape `OT1/ptm/bx/it' in size <12> not available
(Font)              Font shape `OT1/ptm/b/it' tried instead on input line 724.
LaTeX Font Info:    Font shape `OT1/ptm/bx/n' in size <17> not available
(Font)              Font shape `OT1/ptm/b/n' tried instead on input line 724.
LaTeX Font Info:    Font shape `OT1/ptm/bx/it' in size <17> not available
(Font)              Font shape `OT1/ptm/b/it' tried instead on input line 724.
LaTeX Font Info:    Font shape `OT1/ptm/bx/n' in size <20> not available
(Font)              Font shape `OT1/ptm/b/n' tried instead on input line 724.
LaTeX Font Info:    Font shape `OT1/ptm/bx/it' in size <20> not available
(Font)              Font shape `OT1/ptm/b/it' tried instead on input line 724.
LaTeX Font Info:    Font shape `OT1/ptm/bx/n' in size <24> not available
(Font)              Font shape `OT1/ptm/b/n' tried instead on input line 724.
LaTeX Font Info:    Font shape `OT1/ptm/bx/it' in size <24> not available
(Font)              Font shape `OT1/ptm/b/it' tried instead on input line 724.
\IEEEilabelindentA=\dimen108
\IEEEilabelindentB=\dimen109
\IEEEilabelindent=\dimen110
\IEEEelabelindent=\dimen111
\IEEEdlabelindent=\dimen112
\IEEElabelindent=\dimen113
\IEEEiednormlabelsep=\dimen114
\IEEEiedmathlabelsep=\dimen115
\IEEEiedtopsep=\skip41
\c@section=\count81
\c@subsection=\count82
\c@subsubsection=\count83
\c@paragraph=\count84
\c@IEEEsubequation=\count85
\abovecaptionskip=\skip42
\belowcaptionskip=\skip43
\c@figure=\count86
\c@table=\count87
\@IEEEeqnnumcols=\count88
\@IEEEeqncolcnt=\count89
\@IEEEtmpitemindent=\dimen116
\c@IEEEbiography=\count90
\@IEEEtranrubishbin=\box26
) ("C:\Program Files\MiKTeX 2.7\tex\latex\graphics\graphicx.sty"
Package: graphicx 1999/02/16 v1.0f Enhanced LaTeX Graphics (DPC,SPQR)

("C:\Program Files\MiKTeX 2.7\tex\latex\graphics\keyval.sty"
Package: keyval 1999/03/16 v1.13 key=value parser (DPC)
\KV@toks@=\toks15
)
("C:\Program Files\MiKTeX 2.7\tex\latex\graphics\graphics.sty"
Package: graphics 2006/02/20 v1.0o Standard LaTeX Graphics (DPC,SPQR)

("C:\Program Files\MiKTeX 2.7\tex\latex\graphics\trig.sty"
Package: trig 1999/03/16 v1.09 sin cos tan (DPC)
)
("C:\Program Files\MiKTeX 2.7\tex\latex\00miktex\graphics.cfg"
File: graphics.cfg 2007/01/18 v1.5 graphics configuration of teTeX/TeXLive
)
Package graphics Info: Driver file: pdftex.def on input line 90.

("C:\Program Files\MiKTeX 2.7\tex\latex\pdftex-def\pdftex.def"
File: pdftex.def 2008/09/08 v0.04l Graphics/color for pdfTeX
\Gread@gobject=\count91
))
\Gin@req@height=\dimen117
\Gin@req@width=\dimen118
)
("C:\Program Files\MiKTeX 2.7\tex\latex\ltxmisc\url.sty"
\Urlmuskip=\muskip10
Package: url 2006/04/12  ver 3.3  Verb mode for urls, etc.
) (latex_P47925.aux)
LaTeX Font Info:    Checking defaults for OML/cmm/m/it on input line 347.
LaTeX Font Info:    ... okay on input line 347.
LaTeX Font Info:    Checking defaults for T1/cmr/m/n on input line 347.
LaTeX Font Info:    ... okay on input line 347.
LaTeX Font Info:    Checking defaults for OT1/cmr/m/n on input line 347.
LaTeX Font Info:    ... okay on input line 347.
LaTeX Font Info:    Checking defaults for OMS/cmsy/m/n on input line 347.
LaTeX Font Info:    ... okay on input line 347.
LaTeX Font Info:    Checking defaults for OMX/cmex/m/n on input line 347.
LaTeX Font Info:    ... okay on input line 347.
LaTeX Font Info:    Checking defaults for U/cmr/m/n on input line 347.
LaTeX Font Info:    ... okay on input line 347.

("C:\Program Files\MiKTeX 2.7\tex\context\base\supp-pdf.tex"
[Loading MPS to PDF converter (version 2006.09.02).]
\scratchcounter=\count92
\scratchdimen=\dimen119
\scratchbox=\box27
\nofMPsegments=\count93
\nofMParguments=\count94
\everyMPshowfont=\toks16
\MPscratchCnt=\count95
\MPscratchDim=\dimen120
\MPnumerator=\count96
\everyMPtoPDFconversion=\toks17
)
LaTeX Font Info:    Try loading font information for OT1+phv on input line 400.

 ("C:\Program Files\MiKTeX 2.7\tex\latex\psnfss\ot1phv.fd"
File: ot1phv.fd 2001/06/04 scalable font definitions for OT1/phv.
)
LaTeX Font Info:    Font shape `OT1/ptm/bx/n' in size <14> not available
(Font)              Font shape `OT1/ptm/b/n' tried instead on input line 400.

Underfull \hbox (badness 2261) in paragraph at lines 435--442
\OT1/ptm/m/n/10 shown with the use of an on-tol-ogy for In-for-ma-tion
 []


Underfull \hbox (badness 2253) in paragraph at lines 435--442
\OT1/ptm/m/n/10 in-clude terms such as threats, vul-ner-a-bil-i-ties, at-tacks,

 []


Underfull \hbox (badness 10000) in paragraph at lines 435--442

 []


Underfull \hbox (badness 1584) in paragraph at lines 435--442
\OT1/ptm/m/n/10 the struc-ture of in-for-ma-tion among peo-ple, to en-able
 []


Underfull \hbox (badness 10000) in paragraph at lines 435--442

 []


Underfull \hbox (badness 1648) in paragraph at lines 435--442
\OT1/ptm/m/n/10 This pa-per is or-gan-ised as fol-lows. The first sec-tion
 []


Underfull \hbox (badness 1917) in paragraph at lines 435--442
\OT1/ptm/m/n/10 an In-for-ma-tion Se-cu-rity On-tol-ogy. The tools used in
 []


Underfull \hbox (badness 2073) in paragraph at lines 435--442
\OT1/ptm/m/n/10 for de-vel-op-ing, query-ing or rea-son-ing an In-for-ma-tion
 []

[1{C:/ProgramData/MiKTeX/2.7/pdftex/config/pdftex.map}


]
<ont-types.jpg, id=8, 263.48438pt x 171.64125pt>
File: ont-types.jpg Graphic file (type jpg)
 <use ont-types.jpg>
Underfull \hbox (badness 1688) in paragraph at lines 465--469
\OT1/ptm/m/n/10 to other con-cepts with "is-a" or "has-a" re-la-tion-ship.
 []


Underfull \hbox (badness 5189) in paragraph at lines 465--469
\OT1/ptm/m/n/10 in [4] or sub-ontologies from dif-fer-ent per-spec-tives
 []


Underfull \hbox (badness 10000) in paragraph at lines 465--469

 []


Underfull \hbox (badness 2726) in paragraph at lines 471--475
\OT1/ptm/m/n/10 se-cu-rity in-ci-dent han-dling. "A com-mon lan-guage for
 []


Underfull \hbox (badness 10000) in paragraph at lines 471--475

 []

<sec-relationships.jpg, id=9, 573.64313pt x 280.04625pt>
File: sec-relationships.jpg Graphic file (type jpg)

<use sec-relationships.jpg>
Underfull \hbox (badness 10000) in paragraph at lines 487--490

 []


Underfull \hbox (badness 1552) in paragraph at lines 487--490
\OT1/ptm/m/n/10 method-ol-ogy is to build an on-tol-ogy by a group of
 []


Underfull \hbox (badness 2318) in paragraph at lines 487--490
\OT1/ptm/m/n/10 ev-ery it-er-a-tion. In [7], the on-tol-ogy was con-structed
 []


Underfull \hbox (badness 2452) in paragraph at lines 487--490
\OT1/ptm/m/n/10 method-ol-ogy as well as the on-tol-ogy de-sign cri-te-ria
 []

[2 <ont-types.jpg> <sec-relationships.jpg>]
<IS-sources.jpg, id=14, 297.36093pt x 197.98969pt>
File: IS-sources.jpg Graphic file (type jpg)
 <use IS-sources.jpg>
<fire-threat.jpg, id=15, 605.26125pt x 236.38312pt>
File: fire-threat.jpg Graphic file (type jpg)
 <use fire-threat.jpg>
Underfull \hbox (badness 10000) in paragraph at lines 524--530

 []


Underfull \hbox (badness 3657) in paragraph at lines 524--530
\OT1/ptm/m/n/10 A few ex-am-ples of the ap-pli-ca-tions of In-for-ma-tion
 []


Underfull \hbox (badness 2368) in paragraph at lines 524--530
\OT1/ptm/m/n/10 con-trols to pro-vide cus-tomised and fo-cused so-lu-tions
 []


Underfull \hbox (badness 1584) in paragraph at lines 524--530
\OT1/ptm/m/n/10 a broad area of in-for-ma-tion se-cu-rity risk as-sess-ment.
 []


Underfull \hbox (badness 1558) in paragraph at lines 524--530
\OT1/ptm/m/n/10 the vul-ner-a-bil-ity on-tol-ogy in [8]. [9] com-pre-hen-sively

 []


Underfull \hbox (badness 10000) in paragraph at lines 524--530

 []


Underfull \hbox (badness 2073) in paragraph at lines 524--530
\OT1/ptm/m/n/10 To fur-ther il-lus-trate the use of an on-tol-ogy for the
 []

[3 <IS-sources.jpg> <fire-threat.jpg>]
<ovm.jpg, id=19, 575.14874pt x 456.95718pt>
File: ovm.jpg Graphic file (type jpg)
 <use ovm.jpg>
<owl.jpg, id=20, 293.59688pt x 54.9553pt>
File: owl.jpg Graphic file (type jpg)
 <use owl.jpg>
Underfull \hbox (badness 1406) in paragraph at lines 553--556
\OT1/ptm/m/n/10 il-lus-trated in Fig-ure 7, on-tol-ogy is closely re-lated to
 []


Underfull \hbox (badness 2384) in paragraph at lines 553--556
\OT1/ptm/m/n/10 sub-ontology, threats sub-ontology and risks on-tol-ogy.
 []


Underfull \hbox (badness 10000) in paragraph at lines 553--556

 []


Underfull \hbox (badness 1960) in paragraph at lines 553--556
\OT1/ptm/m/n/10 rea-son-ing out-side the spec-i-fied con-text. Sec-ondly, the
 []

<DiagraphISOntology.jpg, id=21, 610.53094pt x 398.99063pt>
File: DiagraphISOntology.jpg Graphic file (type jpg)

<use DiagraphISOntology.jpg> [4 <ovm.jpg> <owl.jpg> <DiagraphISOntology.jpg>]
LaTeX Font Info:    External font `cmex10' loaded for size
(Font)              <9> on input line 736.
LaTeX Font Info:    External font `cmex10' loaded for size
(Font)              <6> on input line 736.
LaTeX Font Info:    External font `cmex10' loaded for size
(Font)              <5> on input line 736.

Underfull \hbox (badness 10000) in paragraph at lines 735--737
\OT1/ptm/m/n/9 2005. $http : / / www-[]users . cs . york . ac . uk / []aservin 
/ docs / attacks[]
 []


Underfull \hbox (badness 10000) in paragraph at lines 747--749
[]\OT1/ptm/m/it/9 Definition of Dis-as-ter Re-cov-ery\OT1/ptm/m/n/9 , About.com
. $http : / /
 []

[5]
Missing character: There is no ’ in font ptmr7t!


** Conference Paper **
Before submitting the final camera ready copy, remember to:

 1. Manually equalize the lengths of two columns on the last page
 of your paper;

 2. Ensure that any PostScript and/or PDF output post-processing
 uses only Type 1 fonts and that every step in the generation
 process uses the appropriate paper size.


Underfull \hbox (badness 10000) in paragraph at lines 754--802

 []


Underfull \hbox (badness 10000) in paragraph at lines 754--802

 []


Underfull \hbox (badness 10000) in paragraph at lines 754--802

 []


Underfull \hbox (badness 10000) in paragraph at lines 754--802

 []


Underfull \hbox (badness 10000) in paragraph at lines 754--802

 []


Underfull \hbox (badness 10000) in paragraph at lines 754--802

 []


Underfull \hbox (badness 1448) in paragraph at lines 754--802
\OT1/ptm/m/n/10 Incident Han-dling is an ac-tion plan for deal-ing with
 []


Underfull \hbox (badness 5217) in paragraph at lines 754--802
\OT1/ptm/m/n/10 step pro-cess: Prepa-ra-tion, Iden-ti-fi-ca-tion, Con-tain-ment
,
 []


Underfull \hbox (badness 10000) in paragraph at lines 754--802

 []


Underfull \hbox (badness 1789) in paragraph at lines 754--802
\OT1/ptm/m/n/10 in-for-ma-tion. It is all about pro-tect-ing and pre-serv-ing
 []


Underfull \hbox (badness 10000) in paragraph at lines 754--802

 []


Underfull \hbox (badness 10000) in paragraph at lines 754--802

 []


Underfull \hbox (badness 10000) in paragraph at lines 754--802

 []


Underfull \hbox (badness 10000) in paragraph at lines 754--802

 []


Underfull \hbox (badness 10000) in paragraph at lines 754--802

 []


Underfull \hbox (badness 10000) in paragraph at lines 754--802

 []

[6] (latex_P47925.aux)

LaTeX Warning: Label(s) may have changed. Rerun to get cross-references right.

 ) 
Here is how much of TeX's memory you used:
 1765 strings out of 95304
 26615 string characters out of 1183070
 83403 words of memory out of 1500000
 4991 multiletter control sequences out of 110000
 39352 words of font info for 73 fonts, out of 3000000 for 5000
 17 hyphenation exceptions out of 8191
 26i,8n,21p,1571b,324s stack positions out of 5000i,500n,10000p,200000b,50000s
{C:/Program Files/MiKTeX 2.7/fonts/enc/dvips/fontname/8r.enc}<C:/Program File
s/MiKTeX 2.7/fonts/type1/bluesky/cm/cmsy6.pfb><C:/Program Files/MiKTeX 2.7/font
s/type1/urw/helvetic/uhvr8a.pfb><C:/Program Files/MiKTeX 2.7/fonts/type1/urw/ti
mes/utmb8a.pfb><C:/Program Files/MiKTeX 2.7/fonts/type1/urw/times/utmr8a.pfb><C
:/Program Files/MiKTeX 2.7/fonts/type1/urw/times/utmri8a.pfb>
Output written on latex_P47925.pdf (6 pages, 304425 bytes).
PDF statistics:
 49 PDF objects out of 1000 (max. 8388607)
 0 named destinations out of 1000 (max. 131072)
 36 words of extra memory for PDF output out of 10000 (max. 10000000)

